<?xml version="1.0" encoding="UTF-8"?>
<!-- Generated by org.testng.reporters.JUnitReportReporter -->
<testsuite skipped="0" hostname="EPBYMINW6323" name="com.cheapflights.tests.CheapFlightsTest" tests="1" failures="0" timestamp="22 Jan 2018 17:01:53 GMT" time="66.036" errors="0">
  <testcase name="chooseTheCheapestFlight" time="66.036" classname="com.cheapflights.tests.CheapFlightsTest"/>
</testsuite> <!-- com.cheapflights.tests.CheapFlightsTest -->
